{
  "stats": {
    "suites": 7,
    "tests": 23,
    "passes": 23,
    "pending": 0,
    "failures": 0,
    "start": "2022-12-29T02:38:39.976Z",
    "end": "2022-12-29T02:40:10.290Z",
    "duration": 90314,
    "testsRegistered": 23,
    "passPercent": 100,
    "pendingPercent": 0,
    "other": 0,
    "hasOther": false,
    "skipped": 0,
    "hasSkipped": false
  },
  "results": [
    {
      "uuid": "d670a941-3315-408d-a26d-dc8563b27434",
      "title": "",
      "fullFile": "cypress/e2e/05-11-tela-de-jogo.cy.js",
      "file": "cypress/e2e/05-11-tela-de-jogo.cy.js",
      "beforeHooks": [],
      "afterHooks": [],
      "tests": [],
      "suites": [
        {
          "uuid": "c14d6a7a-9835-414f-b003-80607f832137",
          "title": "5 - [TELA DE JOGO] Crie um _header_ que deve conter as informações da pessoa jogadora",
          "fullFile": "",
          "file": "",
          "beforeHooks": [],
          "afterHooks": [],
          "tests": [
            {
              "title": "Será validado se a imagem do Gravatar está presente no header",
              "fullTitle": "5 - [TELA DE JOGO] Crie um _header_ que deve conter as informações da pessoa jogadora Será validado se a imagem do Gravatar está presente no header",
              "timedOut": null,
              "duration": 3397,
              "state": "passed",
              "speed": "fast",
              "pass": true,
              "fail": false,
              "pending": false,
              "context": null,
              "code": "cy.get(HEADER_IMAGE_SELECTOR).should('exist');\ncy.get(HEADER_IMAGE_SELECTOR).should('have.attr', 'src', `https://www.gravatar.com/avatar/${MD5(PLAYER_EMAIL)}`);",
              "err": {},
              "uuid": "51353b9a-341d-461c-8b06-8c04fbf204d6",
              "parentUUID": "c14d6a7a-9835-414f-b003-80607f832137",
              "isHook": false,
              "skipped": false
            },
            {
              "title": "Será validado se o nome da pessoa está presente no header",
              "fullTitle": "5 - [TELA DE JOGO] Crie um _header_ que deve conter as informações da pessoa jogadora Será validado se o nome da pessoa está presente no header",
              "timedOut": null,
              "duration": 1265,
              "state": "passed",
              "speed": "fast",
              "pass": true,
              "fail": false,
              "pending": false,
              "context": null,
              "code": "cy.get(HEADER_NAME_SELECTOR).contains(PLAYER_NAME);",
              "err": {},
              "uuid": "8422631d-69c7-4514-a3ee-b2c757ae68c8",
              "parentUUID": "c14d6a7a-9835-414f-b003-80607f832137",
              "isHook": false,
              "skipped": false
            },
            {
              "title": "Será validado se o placar zerado está presente no header",
              "fullTitle": "5 - [TELA DE JOGO] Crie um _header_ que deve conter as informações da pessoa jogadora Será validado se o placar zerado está presente no header",
              "timedOut": null,
              "duration": 1301,
              "state": "passed",
              "speed": "fast",
              "pass": true,
              "fail": false,
              "pending": false,
              "context": null,
              "code": "cy.get(HEADER_SCORE_SELECTOR).contains('0');",
              "err": {},
              "uuid": "fa9250b5-e4b4-474d-853d-667199140698",
              "parentUUID": "c14d6a7a-9835-414f-b003-80607f832137",
              "isHook": false,
              "skipped": false
            }
          ],
          "suites": [],
          "passes": [
            "51353b9a-341d-461c-8b06-8c04fbf204d6",
            "8422631d-69c7-4514-a3ee-b2c757ae68c8",
            "fa9250b5-e4b4-474d-853d-667199140698"
          ],
          "failures": [],
          "pending": [],
          "skipped": [],
          "duration": 5963,
          "root": false,
          "rootEmpty": false,
          "_timeout": 2000
        },
        {
          "uuid": "e4bc43cd-47e4-4cae-989e-93e8144983f7",
          "title": "6 - [TELA DE JOGO] Crie a página de jogo que deve conter as informações relacionadas à pergunta",
          "fullFile": "",
          "file": "",
          "beforeHooks": [],
          "afterHooks": [],
          "tests": [
            {
              "title": "Será validado se a API de perguntas é chamada corretamente",
              "fullTitle": "6 - [TELA DE JOGO] Crie a página de jogo que deve conter as informações relacionadas à pergunta Será validado se a API de perguntas é chamada corretamente",
              "timedOut": null,
              "duration": 1295,
              "state": "passed",
              "speed": "fast",
              "pass": true,
              "fail": false,
              "pending": false,
              "context": null,
              "code": "cy.window().its('fetch').should('be.calledWith', FETCH_TRIVIA_URL);",
              "err": {},
              "uuid": "8d153a00-c825-497e-8f87-cea596b3e71e",
              "parentUUID": "e4bc43cd-47e4-4cae-989e-93e8144983f7",
              "isHook": false,
              "skipped": false
            },
            {
              "title": "Será validado se é feito o logout ao acessar o game com um token inválido",
              "fullTitle": "6 - [TELA DE JOGO] Crie a página de jogo que deve conter as informações relacionadas à pergunta Será validado se é feito o logout ao acessar o game com um token inválido",
              "timedOut": null,
              "duration": 1316,
              "state": "passed",
              "speed": "fast",
              "pass": true,
              "fail": false,
              "pending": false,
              "context": null,
              "code": "cy.get(\"@spyFetch\").should('be.calledWith', INVALID_FETCH_TRIVIA_URL);\ncy.window().its('location.pathname').should('eq', '/');",
              "err": {},
              "uuid": "229957d2-3fe2-4914-aa72-cbd877e88d69",
              "parentUUID": "e4bc43cd-47e4-4cae-989e-93e8144983f7",
              "isHook": false,
              "skipped": false
            },
            {
              "title": "Será validado se a categoria da pergunta está presente",
              "fullTitle": "6 - [TELA DE JOGO] Crie a página de jogo que deve conter as informações relacionadas à pergunta Será validado se a categoria da pergunta está presente",
              "timedOut": null,
              "duration": 1419,
              "state": "passed",
              "speed": "fast",
              "pass": true,
              "fail": false,
              "pending": false,
              "context": null,
              "code": "cy.get(QUESTION_CATEGORY_SELECTOR).should('exist');\ncy.get(QUESTION_CATEGORY_SELECTOR).contains(questionsResponse.results[0].category);",
              "err": {},
              "uuid": "c4573350-0dbb-49e9-b757-888a368aa4cc",
              "parentUUID": "e4bc43cd-47e4-4cae-989e-93e8144983f7",
              "isHook": false,
              "skipped": false
            },
            {
              "title": "Será validado se o texto da pergunta está presente",
              "fullTitle": "6 - [TELA DE JOGO] Crie a página de jogo que deve conter as informações relacionadas à pergunta Será validado se o texto da pergunta está presente",
              "timedOut": null,
              "duration": 1341,
              "state": "passed",
              "speed": "fast",
              "pass": true,
              "fail": false,
              "pending": false,
              "context": null,
              "code": "cy.get(QUESTION_TEXT_SELECTOR).should('exist');\ncy.get(QUESTION_TEXT_SELECTOR).contains(questionsResponse.results[0].question);",
              "err": {},
              "uuid": "f1260977-9df0-4d63-b055-baca833afb1b",
              "parentUUID": "e4bc43cd-47e4-4cae-989e-93e8144983f7",
              "isHook": false,
              "skipped": false
            },
            {
              "title": "Será validado se as alternativas estão presentes",
              "fullTitle": "6 - [TELA DE JOGO] Crie a página de jogo que deve conter as informações relacionadas à pergunta Será validado se as alternativas estão presentes",
              "timedOut": null,
              "duration": 1334,
              "state": "passed",
              "speed": "fast",
              "pass": true,
              "fail": false,
              "pending": false,
              "context": null,
              "code": "cy.get(CORRECT_ALTERNATIVE_SELECTOR).should('exist');\ncy.get(CORRECT_ALTERNATIVE_SELECTOR).should('have.length', 1);\ncy.get(CORRECT_ALTERNATIVE_SELECTOR).contains(questionsResponse.results[0].correct_answer);\ncy.get(WRONG_ALTERNATIVES_SELECTOR).should('exist');\ncy.get(WRONG_ALTERNATIVES_SELECTOR).each(element => {\n  expect(element.text()).to.includes.oneOf(questionsResponse.results[0].incorrect_answers);\n});",
              "err": {},
              "uuid": "313a20c6-3997-411e-8aa5-0dfd1c2d7967",
              "parentUUID": "e4bc43cd-47e4-4cae-989e-93e8144983f7",
              "isHook": false,
              "skipped": false
            },
            {
              "title": "Será validado se as alternativas estão posicionadas em ordem aleatória",
              "fullTitle": "6 - [TELA DE JOGO] Crie a página de jogo que deve conter as informações relacionadas à pergunta Será validado se as alternativas estão posicionadas em ordem aleatória",
              "timedOut": null,
              "duration": 6807,
              "state": "passed",
              "speed": "medium",
              "pass": true,
              "fail": false,
              "pending": false,
              "context": null,
              "code": "const answersList = [];\ncy.get(ALL_ALTERNATIVES_SELECTOR).then(() => {\n  for (let i = 0; i < 5; i += 1) {\n    loadQuestionsPage();\n    cy.get(ALL_ALTERNATIVES_SELECTOR).then(newAnswersSection => {\n      const newAnswers = Array.from(newAnswersSection.children()).map(answer => answer.dataset.testid);\n      const currentIndex = newAnswers.indexOf('correct-answer');\n      answersList.push(currentIndex);\n    });\n  }\n  ;\n}).then(() => {\n  const removeRepeatedList = [...new Set(answersList)];\n  expect(removeRepeatedList.length).to.be.greaterThan(1);\n});",
              "err": {},
              "uuid": "dcbce27f-262f-4233-922a-477663d9f666",
              "parentUUID": "e4bc43cd-47e4-4cae-989e-93e8144983f7",
              "isHook": false,
              "skipped": false
            }
          ],
          "suites": [],
          "passes": [
            "8d153a00-c825-497e-8f87-cea596b3e71e",
            "229957d2-3fe2-4914-aa72-cbd877e88d69",
            "c4573350-0dbb-49e9-b757-888a368aa4cc",
            "f1260977-9df0-4d63-b055-baca833afb1b",
            "313a20c6-3997-411e-8aa5-0dfd1c2d7967",
            "dcbce27f-262f-4233-922a-477663d9f666"
          ],
          "failures": [],
          "pending": [],
          "skipped": [],
          "duration": 13512,
          "root": false,
          "rootEmpty": false,
          "_timeout": 2000
        },
        {
          "uuid": "1a6bd3c1-6947-4727-8db1-fb1ff40b1a23",
          "title": "7 - [TELA DE JOGO] Desenvolva o estilo que, ao clicar em uma resposta, a correta deve ficar verde e as incorretas, vermelhas",
          "fullFile": "",
          "file": "",
          "beforeHooks": [],
          "afterHooks": [],
          "tests": [
            {
              "title": "Será validado se a cor da alternativa correta é \"rgb(6, 240, 15)\" ao acertar a questão",
              "fullTitle": "7 - [TELA DE JOGO] Desenvolva o estilo que, ao clicar em uma resposta, a correta deve ficar verde e as incorretas, vermelhas Será validado se a cor da alternativa correta é \"rgb(6, 240, 15)\" ao acertar a questão",
              "timedOut": null,
              "duration": 1562,
              "state": "passed",
              "speed": "fast",
              "pass": true,
              "fail": false,
              "pending": false,
              "context": null,
              "code": "cy.get(CORRECT_ALTERNATIVE_SELECTOR).click();\ncy.get(CORRECT_ALTERNATIVE_SELECTOR).should('have.css', 'border-color', 'rgb(6, 240, 15)');\ncy.get(CORRECT_ALTERNATIVE_SELECTOR).should('have.css', 'border-style', 'solid');\ncy.get(CORRECT_ALTERNATIVE_SELECTOR).should('have.css', 'border-width', '3px');",
              "err": {},
              "uuid": "59bd3157-9293-4c47-a8ad-a24cf82a1d32",
              "parentUUID": "1a6bd3c1-6947-4727-8db1-fb1ff40b1a23",
              "isHook": false,
              "skipped": false
            },
            {
              "title": "Será validado se a cor das alternativas incorretas é \"rgb(255, 0, 0)\" ao acertar a questão",
              "fullTitle": "7 - [TELA DE JOGO] Desenvolva o estilo que, ao clicar em uma resposta, a correta deve ficar verde e as incorretas, vermelhas Será validado se a cor das alternativas incorretas é \"rgb(255, 0, 0)\" ao acertar a questão",
              "timedOut": null,
              "duration": 1836,
              "state": "passed",
              "speed": "fast",
              "pass": true,
              "fail": false,
              "pending": false,
              "context": null,
              "code": "cy.get(CORRECT_ALTERNATIVE_SELECTOR).click();\ncy.get(WRONG_ALTERNATIVES_SELECTOR).should('have.css', 'border-color', 'rgb(255, 0, 0)');\ncy.get(WRONG_ALTERNATIVES_SELECTOR).should('have.css', 'border-style', 'solid');\ncy.get(WRONG_ALTERNATIVES_SELECTOR).should('have.css', 'border-width', '3px');",
              "err": {},
              "uuid": "1c3a892c-33af-433a-b0bc-6e7f1e186977",
              "parentUUID": "1a6bd3c1-6947-4727-8db1-fb1ff40b1a23",
              "isHook": false,
              "skipped": false
            },
            {
              "title": "Será validado se a cor da alternativa correta é \"rgb(6, 240, 15)\" ao errar a questão",
              "fullTitle": "7 - [TELA DE JOGO] Desenvolva o estilo que, ao clicar em uma resposta, a correta deve ficar verde e as incorretas, vermelhas Será validado se a cor da alternativa correta é \"rgb(6, 240, 15)\" ao errar a questão",
              "timedOut": null,
              "duration": 1537,
              "state": "passed",
              "speed": "fast",
              "pass": true,
              "fail": false,
              "pending": false,
              "context": null,
              "code": "cy.get(WRONG_ALTERNATIVES_SELECTOR).first().click();\ncy.get(CORRECT_ALTERNATIVE_SELECTOR).should('have.css', 'border-color', 'rgb(6, 240, 15)');\ncy.get(CORRECT_ALTERNATIVE_SELECTOR).should('have.css', 'border-style', 'solid');\ncy.get(CORRECT_ALTERNATIVE_SELECTOR).should('have.css', 'border-width', '3px');",
              "err": {},
              "uuid": "bc839bf6-7f37-4fe3-8976-925adb29941d",
              "parentUUID": "1a6bd3c1-6947-4727-8db1-fb1ff40b1a23",
              "isHook": false,
              "skipped": false
            },
            {
              "title": "Será validado se a cor das alternativas incorretas é \"rgb(255, 0, 0)\" ao errar a questão",
              "fullTitle": "7 - [TELA DE JOGO] Desenvolva o estilo que, ao clicar em uma resposta, a correta deve ficar verde e as incorretas, vermelhas Será validado se a cor das alternativas incorretas é \"rgb(255, 0, 0)\" ao errar a questão",
              "timedOut": null,
              "duration": 1451,
              "state": "passed",
              "speed": "fast",
              "pass": true,
              "fail": false,
              "pending": false,
              "context": null,
              "code": "cy.get(WRONG_ALTERNATIVES_SELECTOR).first().click();\ncy.get(WRONG_ALTERNATIVES_SELECTOR).should('have.css', 'border-color', 'rgb(255, 0, 0)');\ncy.get(WRONG_ALTERNATIVES_SELECTOR).should('have.css', 'border-style', 'solid');\ncy.get(WRONG_ALTERNATIVES_SELECTOR).should('have.css', 'border-width', '3px');",
              "err": {},
              "uuid": "544a5084-4f53-484e-802e-a64423736955",
              "parentUUID": "1a6bd3c1-6947-4727-8db1-fb1ff40b1a23",
              "isHook": false,
              "skipped": false
            }
          ],
          "suites": [],
          "passes": [
            "59bd3157-9293-4c47-a8ad-a24cf82a1d32",
            "1c3a892c-33af-433a-b0bc-6e7f1e186977",
            "bc839bf6-7f37-4fe3-8976-925adb29941d",
            "544a5084-4f53-484e-802e-a64423736955"
          ],
          "failures": [],
          "pending": [],
          "skipped": [],
          "duration": 6386,
          "root": false,
          "rootEmpty": false,
          "_timeout": 2000
        },
        {
          "uuid": "73ffd619-94d6-4c0e-991d-446704ee4b2a",
          "title": "8 - [TELA DE JOGO] Desenvolva um timer onde a pessoa que joga tem 30 segundos para responder",
          "fullFile": "",
          "file": "",
          "beforeHooks": [],
          "afterHooks": [],
          "tests": [
            {
              "title": "Será validado se é possível aguardar 5 segundos e responder a alternativa correta",
              "fullTitle": "8 - [TELA DE JOGO] Desenvolva um timer onde a pessoa que joga tem 30 segundos para responder Será validado se é possível aguardar 5 segundos e responder a alternativa correta",
              "timedOut": null,
              "duration": 6465,
              "state": "passed",
              "speed": "medium",
              "pass": true,
              "fail": false,
              "pending": false,
              "context": null,
              "code": "cy.wait(5000);\ncy.get(CORRECT_ALTERNATIVE_SELECTOR).should('not.be.disabled').click();",
              "err": {},
              "uuid": "0d83fc18-abaf-44dc-a2cb-ef8e456a6b74",
              "parentUUID": "73ffd619-94d6-4c0e-991d-446704ee4b2a",
              "isHook": false,
              "skipped": false
            },
            {
              "title": "Será validado se ao aguardar mais de 30 segundos para responder, todos botões estão desabilitados",
              "fullTitle": "8 - [TELA DE JOGO] Desenvolva um timer onde a pessoa que joga tem 30 segundos para responder Será validado se ao aguardar mais de 30 segundos para responder, todos botões estão desabilitados",
              "timedOut": null,
              "duration": 33273,
              "state": "passed",
              "speed": "slow",
              "pass": true,
              "fail": false,
              "pending": false,
              "context": null,
              "code": "cy.wait(32000);\ncy.get(CORRECT_ALTERNATIVE_SELECTOR).should('be.disabled');",
              "err": {},
              "uuid": "f684cae8-8197-41ef-9056-e41bbac94667",
              "parentUUID": "73ffd619-94d6-4c0e-991d-446704ee4b2a",
              "isHook": false,
              "skipped": false
            }
          ],
          "suites": [],
          "passes": [
            "0d83fc18-abaf-44dc-a2cb-ef8e456a6b74",
            "f684cae8-8197-41ef-9056-e41bbac94667"
          ],
          "failures": [],
          "pending": [],
          "skipped": [],
          "duration": 39738,
          "root": false,
          "rootEmpty": false,
          "_timeout": 2000
        },
        {
          "uuid": "99fe6fc8-b2b7-4e74-a033-a146870b7bf8",
          "title": "9 - [TELA DE JOGO] Crie o placar com as seguintes características:",
          "fullFile": "",
          "file": "",
          "beforeHooks": [],
          "afterHooks": [],
          "tests": [
            {
              "title": "Será validado se os pontos são somados ao acertar uma questão",
              "fullTitle": "9 - [TELA DE JOGO] Crie o placar com as seguintes características: Será validado se os pontos são somados ao acertar uma questão",
              "timedOut": null,
              "duration": 1505,
              "state": "passed",
              "speed": "fast",
              "pass": true,
              "fail": false,
              "pending": false,
              "context": null,
              "code": "let lastScore;\ncy.window().its('store').invoke('getState').then(state => {\n  lastScore = state.player.score;\n});\ncy.get(CORRECT_ALTERNATIVE_SELECTOR).click().then(() => {\n  cy.window().its('store').invoke('getState').then(state => {\n    expect(lastScore).to.be.lt(state.player.score);\n  });\n});",
              "err": {},
              "uuid": "67bf9386-89f5-4a07-8785-b68be4d12d81",
              "parentUUID": "99fe6fc8-b2b7-4e74-a033-a146870b7bf8",
              "isHook": false,
              "skipped": false
            },
            {
              "title": "Será validado se os pontos não são somados ao errar uma questão",
              "fullTitle": "9 - [TELA DE JOGO] Crie o placar com as seguintes características: Será validado se os pontos não são somados ao errar uma questão",
              "timedOut": null,
              "duration": 2256,
              "state": "passed",
              "speed": "fast",
              "pass": true,
              "fail": false,
              "pending": false,
              "context": null,
              "code": "let lastScore;\ncy.window().its('store').invoke('getState').then(state => {\n  lastScore = state.player.score;\n});\ncy.get(WRONG_ALTERNATIVES_SELECTOR).first().click().then(() => {\n  cy.window().its('store').invoke('getState').then(state => {\n    expect(lastScore).to.be.eq(state.player.score);\n  });\n});",
              "err": {},
              "uuid": "80ffe170-8552-4631-aba0-3f036c6f5900",
              "parentUUID": "99fe6fc8-b2b7-4e74-a033-a146870b7bf8",
              "isHook": false,
              "skipped": false
            }
          ],
          "suites": [],
          "passes": [
            "67bf9386-89f5-4a07-8785-b68be4d12d81",
            "80ffe170-8552-4631-aba0-3f036c6f5900"
          ],
          "failures": [],
          "pending": [],
          "skipped": [],
          "duration": 3761,
          "root": false,
          "rootEmpty": false,
          "_timeout": 2000
        },
        {
          "uuid": "e80decb6-f697-48c3-94c6-4b01b2463404",
          "title": "10 - [TELA DE JOGO] Crie um botão de `Next` que apareça após a resposta ser dada",
          "fullFile": "",
          "file": "",
          "beforeHooks": [],
          "afterHooks": [],
          "tests": [
            {
              "title": "Será validado se o botão \"Next\" não é visível no início do jogo",
              "fullTitle": "10 - [TELA DE JOGO] Crie um botão de `Next` que apareça após a resposta ser dada Será validado se o botão \"Next\" não é visível no início do jogo",
              "timedOut": null,
              "duration": 1349,
              "state": "passed",
              "speed": "fast",
              "pass": true,
              "fail": false,
              "pending": false,
              "context": null,
              "code": "cy.get(BUTTON_NEXT_QUESTION_SELECTOR).should('not.exist');",
              "err": {},
              "uuid": "24d7fa7a-01d5-4a66-a96e-5579157bc5ac",
              "parentUUID": "e80decb6-f697-48c3-94c6-4b01b2463404",
              "isHook": false,
              "skipped": false
            },
            {
              "title": "Será validado se o botão \"Next\" é visível quando a pergunta é respondida corretamente",
              "fullTitle": "10 - [TELA DE JOGO] Crie um botão de `Next` que apareça após a resposta ser dada Será validado se o botão \"Next\" é visível quando a pergunta é respondida corretamente",
              "timedOut": null,
              "duration": 1454,
              "state": "passed",
              "speed": "fast",
              "pass": true,
              "fail": false,
              "pending": false,
              "context": null,
              "code": "cy.get(CORRECT_ALTERNATIVE_SELECTOR).click();\ncy.get(BUTTON_NEXT_QUESTION_SELECTOR).should('exist');",
              "err": {},
              "uuid": "1ffef545-7ce6-4456-b0e0-5aef10050475",
              "parentUUID": "e80decb6-f697-48c3-94c6-4b01b2463404",
              "isHook": false,
              "skipped": false
            },
            {
              "title": "Será validado se o botão \"Next\" é visível quando a pergunta é respondida incorretamente",
              "fullTitle": "10 - [TELA DE JOGO] Crie um botão de `Next` que apareça após a resposta ser dada Será validado se o botão \"Next\" é visível quando a pergunta é respondida incorretamente",
              "timedOut": null,
              "duration": 1450,
              "state": "passed",
              "speed": "fast",
              "pass": true,
              "fail": false,
              "pending": false,
              "context": null,
              "code": "cy.get(WRONG_ALTERNATIVES_SELECTOR).first().click();\ncy.get(BUTTON_NEXT_QUESTION_SELECTOR).should('be.visible');",
              "err": {},
              "uuid": "5942cdb5-7bc2-4b47-b991-482a45f7b48f",
              "parentUUID": "e80decb6-f697-48c3-94c6-4b01b2463404",
              "isHook": false,
              "skipped": false
            }
          ],
          "suites": [],
          "passes": [
            "24d7fa7a-01d5-4a66-a96e-5579157bc5ac",
            "1ffef545-7ce6-4456-b0e0-5aef10050475",
            "5942cdb5-7bc2-4b47-b991-482a45f7b48f"
          ],
          "failures": [],
          "pending": [],
          "skipped": [],
          "duration": 4253,
          "root": false,
          "rootEmpty": false,
          "_timeout": 2000
        },
        {
          "uuid": "0d07cc69-12fd-475f-8cad-1c6dc1818dc9",
          "title": "11 - [TELA DE JOGO] Desenvolva o jogo de forma que a pessoa que joga deve responder 5 perguntas no total",
          "fullFile": "",
          "file": "",
          "beforeHooks": [],
          "afterHooks": [],
          "tests": [
            {
              "title": "Será validado se os pontos são somados de forma correta ao acertar todas as respostas",
              "fullTitle": "11 - [TELA DE JOGO] Desenvolva o jogo de forma que a pessoa que joga deve responder 5 perguntas no total Será validado se os pontos são somados de forma correta ao acertar todas as respostas",
              "timedOut": null,
              "duration": 2263,
              "state": "passed",
              "speed": "fast",
              "pass": true,
              "fail": false,
              "pending": false,
              "context": null,
              "code": "let lastScore;\ncy.window().its('store').invoke('getState').then(state => {\n  lastScore = state.player.score;\n});\ncy.get(QUESTION_TEXT_SELECTOR).should('have.text', questionsResponse.results[0].question);\ncy.get(CORRECT_ALTERNATIVE_SELECTOR).click().then(() => {\n  cy.window().its('store').invoke('getState').then(state => {\n    expect(lastScore).to.be.lt(state.player.score);\n    lastScore = state.player.score;\n  });\n});\nfor (let i = 1; i <= 4; i += 1) {\n  cy.get(BUTTON_NEXT_QUESTION_SELECTOR).click();\n  cy.get(QUESTION_TEXT_SELECTOR).should('have.text', questionsResponse.results[i].question);\n  cy.get(CORRECT_ALTERNATIVE_SELECTOR).click().then(() => {\n    cy.window().its('store').invoke('getState').then(state => {\n      expect(lastScore).to.be.lt(state.player.score);\n      lastScore = state.player.score;\n    });\n  });\n}",
              "err": {},
              "uuid": "5e480c8e-af15-4ad2-9a2b-eeb75ca37901",
              "parentUUID": "0d07cc69-12fd-475f-8cad-1c6dc1818dc9",
              "isHook": false,
              "skipped": false
            },
            {
              "title": "Será validado se os pontos são somados de forma correta ao errar todas as respostas",
              "fullTitle": "11 - [TELA DE JOGO] Desenvolva o jogo de forma que a pessoa que joga deve responder 5 perguntas no total Será validado se os pontos são somados de forma correta ao errar todas as respostas",
              "timedOut": null,
              "duration": 2169,
              "state": "passed",
              "speed": "fast",
              "pass": true,
              "fail": false,
              "pending": false,
              "context": null,
              "code": "let lastScore;\ncy.window().its('store').invoke('getState').then(state => {\n  lastScore = state.player.score;\n});\ncy.get(QUESTION_TEXT_SELECTOR).should('have.text', questionsResponse.results[0].question);\ncy.get(WRONG_ALTERNATIVES_SELECTOR).first().click().then(() => {\n  cy.window().its('store').invoke('getState').then(state => {\n    expect(lastScore).to.be.eq(state.player.score);\n  });\n});\nfor (let i = 1; i <= 4; i += 1) {\n  cy.get(BUTTON_NEXT_QUESTION_SELECTOR).click();\n  cy.get(QUESTION_TEXT_SELECTOR).should('have.text', questionsResponse.results[i].question);\n  cy.get(WRONG_ALTERNATIVES_SELECTOR).first().click().then(() => {\n    cy.window().its('store').invoke('getState').then(state => {\n      expect(lastScore).to.be.eq(state.player.score);\n    });\n  });\n}",
              "err": {},
              "uuid": "311505ff-7387-490e-8226-afd5651f6452",
              "parentUUID": "0d07cc69-12fd-475f-8cad-1c6dc1818dc9",
              "isHook": false,
              "skipped": false
            },
            {
              "title": "Será validado se a pessoa usuária é redirecionada para a tela de _feedback_ após a quinta pergunta",
              "fullTitle": "11 - [TELA DE JOGO] Desenvolva o jogo de forma que a pessoa que joga deve responder 5 perguntas no total Será validado se a pessoa usuária é redirecionada para a tela de _feedback_ após a quinta pergunta",
              "timedOut": null,
              "duration": 2212,
              "state": "passed",
              "speed": "fast",
              "pass": true,
              "fail": false,
              "pending": false,
              "context": null,
              "code": "cy.get(CORRECT_ALTERNATIVE_SELECTOR).click();\ncy.get(BUTTON_NEXT_QUESTION_SELECTOR).click();\ncy.get(CORRECT_ALTERNATIVE_SELECTOR).click();\ncy.get(BUTTON_NEXT_QUESTION_SELECTOR).click();\ncy.get(CORRECT_ALTERNATIVE_SELECTOR).click();\ncy.get(BUTTON_NEXT_QUESTION_SELECTOR).click();\ncy.get(CORRECT_ALTERNATIVE_SELECTOR).click();\ncy.get(BUTTON_NEXT_QUESTION_SELECTOR).click();\ncy.get(CORRECT_ALTERNATIVE_SELECTOR).click();\ncy.get(BUTTON_NEXT_QUESTION_SELECTOR).click();\ncy.get(FEEDBACK_TEXT_SELECTOR).should('exist');",
              "err": {},
              "uuid": "2ec23d9b-2f29-4d34-bda3-bbba69eaf11f",
              "parentUUID": "0d07cc69-12fd-475f-8cad-1c6dc1818dc9",
              "isHook": false,
              "skipped": false
            }
          ],
          "suites": [],
          "passes": [
            "5e480c8e-af15-4ad2-9a2b-eeb75ca37901",
            "311505ff-7387-490e-8226-afd5651f6452",
            "2ec23d9b-2f29-4d34-bda3-bbba69eaf11f"
          ],
          "failures": [],
          "pending": [],
          "skipped": [],
          "duration": 6644,
          "root": false,
          "rootEmpty": false,
          "_timeout": 2000
        }
      ],
      "passes": [],
      "failures": [],
      "pending": [],
      "skipped": [],
      "duration": 0,
      "root": true,
      "rootEmpty": true,
      "_timeout": 2000
    }
  ],
  "meta": {
    "mocha": {
      "version": "7.0.1"
    },
    "mochawesome": {
      "options": {
        "quiet": false,
        "reportFilename": "mochawesome",
        "saveHtml": false,
        "saveJson": true,
        "consoleReporter": "spec",
        "useInlineDiffs": false,
        "code": true
      },
      "version": "7.1.3"
    },
    "marge": {
      "options": {
        "id": "default",
        "reportDir": "cypress/reports",
        "overwrite": false,
        "html": false,
        "json": true
      },
      "version": "6.2.0"
    }
  }
}