{
  "stats": {
    "suites": 4,
    "tests": 10,
    "passes": 10,
    "pending": 0,
    "failures": 0,
    "start": "2022-12-29T03:38:19.374Z",
    "end": "2022-12-29T03:39:32.658Z",
    "duration": 73284,
    "testsRegistered": 10,
    "passPercent": 100,
    "pendingPercent": 0,
    "other": 0,
    "hasOther": false,
    "skipped": 0,
    "hasSkipped": false
  },
  "results": [
    {
      "uuid": "a8748945-e6e0-4097-a04d-0e9e1a0e9fe0",
      "title": "",
      "fullFile": "cypress/e2e/01-04-tela-de-login.cy.js",
      "file": "cypress/e2e/01-04-tela-de-login.cy.js",
      "beforeHooks": [],
      "afterHooks": [],
      "tests": [],
      "suites": [
        {
          "uuid": "17b61310-bdcc-45ff-bc43-ae0d4fb350a2",
          "title": "1 - [TELA DE LOGIN] Crie a tela de login, onde a pessoa que joga deve preencher as informações para iniciar um jogo",
          "fullFile": "",
          "file": "",
          "beforeHooks": [],
          "afterHooks": [],
          "tests": [
            {
              "title": "Será validado se é possível escrever o nome da pessoa jogadora",
              "fullTitle": "1 - [TELA DE LOGIN] Crie a tela de login, onde a pessoa que joga deve preencher as informações para iniciar um jogo Será validado se é possível escrever o nome da pessoa jogadora",
              "timedOut": null,
              "duration": 3161,
              "state": "passed",
              "speed": "fast",
              "pass": true,
              "fail": false,
              "pending": false,
              "context": null,
              "code": "cy.get(INPUT_PLAYER_NAME_SELECTOR).type(PLAYER_NAME);",
              "err": {},
              "uuid": "613883dc-9fcc-4657-8c58-1ae59b724082",
              "parentUUID": "17b61310-bdcc-45ff-bc43-ae0d4fb350a2",
              "isHook": false,
              "skipped": false
            },
            {
              "title": "Será validado se é possível escrever o email da pessoa jogadora",
              "fullTitle": "1 - [TELA DE LOGIN] Crie a tela de login, onde a pessoa que joga deve preencher as informações para iniciar um jogo Será validado se é possível escrever o email da pessoa jogadora",
              "timedOut": null,
              "duration": 989,
              "state": "passed",
              "speed": "fast",
              "pass": true,
              "fail": false,
              "pending": false,
              "context": null,
              "code": "cy.get(INPUT_PLAYER_EMAIL_SELECTOR).type(PLAYER_EMAIL);",
              "err": {},
              "uuid": "6d45065e-3711-4a0c-8ed7-05f5a4e1641e",
              "parentUUID": "17b61310-bdcc-45ff-bc43-ae0d4fb350a2",
              "isHook": false,
              "skipped": false
            },
            {
              "title": "Será validado se o botão \"Play\" está desabilitado quando a pessoa jogadora não preencher nenhum campo",
              "fullTitle": "1 - [TELA DE LOGIN] Crie a tela de login, onde a pessoa que joga deve preencher as informações para iniciar um jogo Será validado se o botão \"Play\" está desabilitado quando a pessoa jogadora não preencher nenhum campo",
              "timedOut": null,
              "duration": 616,
              "state": "passed",
              "speed": "fast",
              "pass": true,
              "fail": false,
              "pending": false,
              "context": null,
              "code": "cy.get(BUTTON_PLAY_SELECTOR).should('be.disabled');",
              "err": {},
              "uuid": "f639959c-68d8-4c63-aca3-a51c5d2336e2",
              "parentUUID": "17b61310-bdcc-45ff-bc43-ae0d4fb350a2",
              "isHook": false,
              "skipped": false
            },
            {
              "title": "Será validado se o botão \"Play\" está desabilitado quando a pessoa jogadora escrever apenas o nome",
              "fullTitle": "1 - [TELA DE LOGIN] Crie a tela de login, onde a pessoa que joga deve preencher as informações para iniciar um jogo Será validado se o botão \"Play\" está desabilitado quando a pessoa jogadora escrever apenas o nome",
              "timedOut": null,
              "duration": 886,
              "state": "passed",
              "speed": "fast",
              "pass": true,
              "fail": false,
              "pending": false,
              "context": null,
              "code": "cy.get(INPUT_PLAYER_NAME_SELECTOR).type(PLAYER_NAME);\ncy.get(BUTTON_PLAY_SELECTOR).should('be.disabled');",
              "err": {},
              "uuid": "93ca1edb-13a0-4b6d-8672-6a0918730a96",
              "parentUUID": "17b61310-bdcc-45ff-bc43-ae0d4fb350a2",
              "isHook": false,
              "skipped": false
            },
            {
              "title": "Será validado se o botão \"Play\" está desabilitado quando a pessoa jogadora escrever apenas o email",
              "fullTitle": "1 - [TELA DE LOGIN] Crie a tela de login, onde a pessoa que joga deve preencher as informações para iniciar um jogo Será validado se o botão \"Play\" está desabilitado quando a pessoa jogadora escrever apenas o email",
              "timedOut": null,
              "duration": 775,
              "state": "passed",
              "speed": "fast",
              "pass": true,
              "fail": false,
              "pending": false,
              "context": null,
              "code": "cy.get(INPUT_PLAYER_EMAIL_SELECTOR).type(PLAYER_EMAIL);\ncy.get(BUTTON_PLAY_SELECTOR).should('be.disabled');",
              "err": {},
              "uuid": "28715324-0781-4611-8fae-031f0b63693b",
              "parentUUID": "17b61310-bdcc-45ff-bc43-ae0d4fb350a2",
              "isHook": false,
              "skipped": false
            },
            {
              "title": "Será validado se o botão \"Play\" está habilitado quando a pessoa jogadora preencher os campos de nome e email",
              "fullTitle": "1 - [TELA DE LOGIN] Crie a tela de login, onde a pessoa que joga deve preencher as informações para iniciar um jogo Será validado se o botão \"Play\" está habilitado quando a pessoa jogadora preencher os campos de nome e email",
              "timedOut": null,
              "duration": 1181,
              "state": "passed",
              "speed": "fast",
              "pass": true,
              "fail": false,
              "pending": false,
              "context": null,
              "code": "cy.get(INPUT_PLAYER_NAME_SELECTOR).type(PLAYER_NAME);\ncy.get(INPUT_PLAYER_EMAIL_SELECTOR).type(PLAYER_EMAIL);\ncy.get(BUTTON_PLAY_SELECTOR).should('not.be.disabled');",
              "err": {},
              "uuid": "909c8cda-7757-4a88-bf43-e4142f4485b9",
              "parentUUID": "17b61310-bdcc-45ff-bc43-ae0d4fb350a2",
              "isHook": false,
              "skipped": false
            }
          ],
          "suites": [],
          "passes": [
            "613883dc-9fcc-4657-8c58-1ae59b724082",
            "6d45065e-3711-4a0c-8ed7-05f5a4e1641e",
            "f639959c-68d8-4c63-aca3-a51c5d2336e2",
            "93ca1edb-13a0-4b6d-8672-6a0918730a96",
            "28715324-0781-4611-8fae-031f0b63693b",
            "909c8cda-7757-4a88-bf43-e4142f4485b9"
          ],
          "failures": [],
          "pending": [],
          "skipped": [],
          "duration": 7608,
          "root": false,
          "rootEmpty": false,
          "_timeout": 2000
        },
        {
          "uuid": "caecc208-9a2c-40e8-a0bf-3bb1c244d4d2",
          "title": "2 - [TELA DE LOGIN] Crie o botão de iniciar o jogo",
          "fullFile": "",
          "file": "",
          "beforeHooks": [],
          "afterHooks": [],
          "tests": [
            {
              "title": "Será validado se ao clicar no botão \"Play\" o jogo é iniciado salvando um token de jogador e redirecionando para a tela de jogo",
              "fullTitle": "2 - [TELA DE LOGIN] Crie o botão de iniciar o jogo Será validado se ao clicar no botão \"Play\" o jogo é iniciado salvando um token de jogador e redirecionando para a tela de jogo",
              "timedOut": null,
              "duration": 1524,
              "state": "passed",
              "speed": "fast",
              "pass": true,
              "fail": false,
              "pending": false,
              "context": null,
              "code": "cy.get(INPUT_PLAYER_NAME_SELECTOR).type(PLAYER_NAME);\ncy.get(INPUT_PLAYER_EMAIL_SELECTOR).type(PLAYER_EMAIL);\ncy.get(BUTTON_PLAY_SELECTOR).click();\ncy.window().its('fetch').should('be.calledWith', FETCH_TOKEN_URL);\ncy.window().its('localStorage.token').should(token => {\n  expect(token).to.equal(tokenResponseMock.token);\n});\ncy.location().should(location => {\n  expect(location.pathname).not.to.eq('/');\n});",
              "err": {},
              "uuid": "135c6842-d97b-473e-84d9-2e73a877e808",
              "parentUUID": "caecc208-9a2c-40e8-a0bf-3bb1c244d4d2",
              "isHook": false,
              "skipped": false
            }
          ],
          "suites": [],
          "passes": [
            "135c6842-d97b-473e-84d9-2e73a877e808"
          ],
          "failures": [],
          "pending": [],
          "skipped": [],
          "duration": 1524,
          "root": false,
          "rootEmpty": false,
          "_timeout": 2000
        },
        {
          "uuid": "f7cebde7-4982-4c70-9780-92642acde24e",
          "title": "3 - [TELA DE LOGIN] Crie um botão na tela inicial que leve para a tela de configurações",
          "fullFile": "",
          "file": "",
          "beforeHooks": [],
          "afterHooks": [],
          "tests": [
            {
              "title": "Será validado se o botão existe na página",
              "fullTitle": "3 - [TELA DE LOGIN] Crie um botão na tela inicial que leve para a tela de configurações Será validado se o botão existe na página",
              "timedOut": null,
              "duration": 351,
              "state": "passed",
              "speed": "fast",
              "pass": true,
              "fail": false,
              "pending": false,
              "context": null,
              "code": "cy.get(BUTTON_SETTINGS_SELECTOR).should('exist');",
              "err": {},
              "uuid": "4ec2fcd1-8b3d-48f3-88ed-ee8e00c53aeb",
              "parentUUID": "f7cebde7-4982-4c70-9780-92642acde24e",
              "isHook": false,
              "skipped": false
            },
            {
              "title": "Será validado se a tela de configurações possui um título",
              "fullTitle": "3 - [TELA DE LOGIN] Crie um botão na tela inicial que leve para a tela de configurações Será validado se a tela de configurações possui um título",
              "timedOut": null,
              "duration": 464,
              "state": "passed",
              "speed": "fast",
              "pass": true,
              "fail": false,
              "pending": false,
              "context": null,
              "code": "cy.get(BUTTON_SETTINGS_SELECTOR).click();\ncy.get(SETTINGS_TITLE_SELECTOR).should('exist');",
              "err": {},
              "uuid": "6044b9a2-4d60-4f38-a75d-3bae00bc0685",
              "parentUUID": "f7cebde7-4982-4c70-9780-92642acde24e",
              "isHook": false,
              "skipped": false
            }
          ],
          "suites": [],
          "passes": [
            "4ec2fcd1-8b3d-48f3-88ed-ee8e00c53aeb",
            "6044b9a2-4d60-4f38-a75d-3bae00bc0685"
          ],
          "failures": [],
          "pending": [],
          "skipped": [],
          "duration": 815,
          "root": false,
          "rootEmpty": false,
          "_timeout": 2000
        },
        {
          "uuid": "29849fe4-8464-45fe-b729-19e707b4462a",
          "title": "4 - [TELA DE LOGIN] Desenvolva testes para atingir 90% de cobertura da tela de Login",
          "fullFile": "",
          "file": "",
          "beforeHooks": [],
          "afterHooks": [],
          "tests": [
            {
              "title": "Verifica a cobertura de testes unitários",
              "fullTitle": "4 - [TELA DE LOGIN] Desenvolva testes para atingir 90% de cobertura da tela de Login Verifica a cobertura de testes unitários",
              "timedOut": null,
              "duration": 60133,
              "state": "passed",
              "speed": "slow",
              "pass": true,
              "fail": false,
              "pending": false,
              "context": null,
              "code": "cy.getCoverage().its('Login.functions.pct', {\n  timeout: 0\n}).should('be.gte', 90.00);\ncy.getCoverage().its('Login.lines.pct', {\n  timeout: 0\n}).should('be.gte', 90.00);",
              "err": {},
              "uuid": "685387f4-19fe-43e0-88a4-7a51bb848410",
              "parentUUID": "29849fe4-8464-45fe-b729-19e707b4462a",
              "isHook": false,
              "skipped": false
            }
          ],
          "suites": [],
          "passes": [
            "685387f4-19fe-43e0-88a4-7a51bb848410"
          ],
          "failures": [],
          "pending": [],
          "skipped": [],
          "duration": 60133,
          "root": false,
          "rootEmpty": false,
          "_timeout": 2000
        }
      ],
      "passes": [],
      "failures": [],
      "pending": [],
      "skipped": [],
      "duration": 0,
      "root": true,
      "rootEmpty": true,
      "_timeout": 2000
    }
  ],
  "meta": {
    "mocha": {
      "version": "7.0.1"
    },
    "mochawesome": {
      "options": {
        "quiet": false,
        "reportFilename": "mochawesome",
        "saveHtml": false,
        "saveJson": true,
        "consoleReporter": "spec",
        "useInlineDiffs": false,
        "code": true
      },
      "version": "7.1.3"
    },
    "marge": {
      "options": {
        "id": "default",
        "reportDir": "cypress/reports",
        "overwrite": false,
        "html": false,
        "json": true
      },
      "version": "6.2.0"
    }
  }
}