{"total": {"lines":{"total":144,"covered":141,"skipped":0,"pct":97.91},"statements":{"total":154,"covered":151,"skipped":0,"pct":98.05},"functions":{"total":35,"covered":34,"skipped":0,"pct":97.14},"branches":{"total":40,"covered":38,"skipped":0,"pct":95},"branchesTrue":{"total":0,"covered":0,"skipped":0,"pct":100}}
,"/home/priscila/Documentos/project-trivia-react-redux/src/App.js": {"lines":{"total":1,"covered":1,"skipped":0,"pct":100},"functions":{"total":1,"covered":1,"skipped":0,"pct":100},"statements":{"total":1,"covered":1,"skipped":0,"pct":100},"branches":{"total":0,"covered":0,"skipped":0,"pct":100}}
,"/home/priscila/Documentos/project-trivia-react-redux/src/components/Header.js": {"lines":{"total":4,"covered":4,"skipped":0,"pct":100},"functions":{"total":2,"covered":2,"skipped":0,"pct":100},"statements":{"total":5,"covered":5,"skipped":0,"pct":100},"branches":{"total":0,"covered":0,"skipped":0,"pct":100}}
,"/home/priscila/Documentos/project-trivia-react-redux/src/pages/Feedback.js": {"lines":{"total":13,"covered":13,"skipped":0,"pct":100},"functions":{"total":4,"covered":4,"skipped":0,"pct":100},"statements":{"total":14,"covered":14,"skipped":0,"pct":100},"branches":{"total":2,"covered":2,"skipped":0,"pct":100}}
,"/home/priscila/Documentos/project-trivia-react-redux/src/pages/Game.js": {"lines":{"total":82,"covered":79,"skipped":0,"pct":96.34},"functions":{"total":14,"covered":13,"skipped":0,"pct":92.85},"statements":{"total":89,"covered":86,"skipped":0,"pct":96.62},"branches":{"total":34,"covered":32,"skipped":0,"pct":94.11}}
,"/home/priscila/Documentos/project-trivia-react-redux/src/pages/Login.js": {"lines":{"total":25,"covered":25,"skipped":0,"pct":100},"functions":{"total":7,"covered":7,"skipped":0,"pct":100},"statements":{"total":25,"covered":25,"skipped":0,"pct":100},"branches":{"total":4,"covered":4,"skipped":0,"pct":100}}
,"/home/priscila/Documentos/project-trivia-react-redux/src/pages/Ranking.js": {"lines":{"total":11,"covered":11,"skipped":0,"pct":100},"functions":{"total":5,"covered":5,"skipped":0,"pct":100},"statements":{"total":12,"covered":12,"skipped":0,"pct":100},"branches":{"total":0,"covered":0,"skipped":0,"pct":100}}
,"/home/priscila/Documentos/project-trivia-react-redux/src/pages/Settings.js": {"lines":{"total":1,"covered":1,"skipped":0,"pct":100},"functions":{"total":1,"covered":1,"skipped":0,"pct":100},"statements":{"total":1,"covered":1,"skipped":0,"pct":100},"branches":{"total":0,"covered":0,"skipped":0,"pct":100}}
,"/home/priscila/Documentos/project-trivia-react-redux/src/service/getQuestions.js": {"lines":{"total":5,"covered":5,"skipped":0,"pct":100},"functions":{"total":1,"covered":1,"skipped":0,"pct":100},"statements":{"total":5,"covered":5,"skipped":0,"pct":100},"branches":{"total":0,"covered":0,"skipped":0,"pct":100}}
,"/home/priscila/Documentos/project-trivia-react-redux/src/tests/mockFetch.js": {"lines":{"total":1,"covered":1,"skipped":0,"pct":100},"functions":{"total":0,"covered":0,"skipped":0,"pct":100},"statements":{"total":1,"covered":1,"skipped":0,"pct":100},"branches":{"total":0,"covered":0,"skipped":0,"pct":100}}
,"/home/priscila/Documentos/project-trivia-react-redux/src/tests/mockFetchFail.js": {"lines":{"total":1,"covered":1,"skipped":0,"pct":100},"functions":{"total":0,"covered":0,"skipped":0,"pct":100},"statements":{"total":1,"covered":1,"skipped":0,"pct":100},"branches":{"total":0,"covered":0,"skipped":0,"pct":100}}
}
